##### START OF AREA REPORT #####[
Design view:work.rcb(rtl1)
Selecting part EP2C5Q208C6

Total combinational functions 164 
Logic element usage by number of inputs
		  4 input functions 	 97
		  3 input functions 	 41
		  <=2 input functions 	 26
Logic elements by mode
		  normal mode            156
		  arithmetic mode        8
Total registers 144 of 4608 ( 3%)
I/O pins 62 of 158 (39%), total I/O based on largest package of this part.

Number of I/O registers
			Input DDRs    :0
			Output DDRs   :0


DSP Blocks:     0  (0 nine-bit DSP elements).
DSP Utilization: 0.00% of available 13 blocks (26 nine-bit).
ShiftTap:       0  (0 registers)
Total ESB:      0 bits 

##### END OF AREA REPORT #####]

